{
  "stats": {
    "suites": 1,
    "tests": 1,
    "passes": 1,
    "pending": 0,
    "failures": 0,
    "start": "2024-10-18T20:12:29.435Z",
    "end": "2024-10-18T20:12:40.225Z",
    "duration": 10790,
    "testsRegistered": 1,
    "passPercent": 100,
    "pendingPercent": 0,
    "other": 0,
    "hasOther": false,
    "skipped": 0,
    "hasSkipped": false
  },
  "results": [
    {
      "uuid": "8078eedd-24e9-4f40-a255-75b205b0f03a",
      "title": "",
      "fullFile": "cypress\\e2e\\UITestFeatures\\SignupPageFeature.cy.js",
      "file": "cypress\\e2e\\UITestFeatures\\SignupPageFeature.cy.js",
      "beforeHooks": [],
      "afterHooks": [],
      "tests": [],
      "suites": [
        {
          "uuid": "4fc0c078-2975-478a-96f3-889df6c43f8b",
          "title": "GitHub sign-up Process with New User",
          "fullFile": "",
          "file": "",
          "beforeHooks": [],
          "afterHooks": [],
          "tests": [
            {
              "title": "should display an error for a username that is already taken",
              "fullTitle": "GitHub sign-up Process with New User should display an error for a username that is already taken",
              "timedOut": null,
              "duration": 6129,
              "state": "passed",
              "speed": "medium",
              "pass": true,
              "fail": false,
              "pending": false,
              "context": null,
              "code": "const githubPage = new _GitHubPage.default();\ncy.visit('https://github.com/');\ncy.get('.HeaderMenu-link--sign-up').click();\n// Fill in the email and click Continue\ncy.get('#email').type('validemail@example.com', {\n  force: true\n});\ncy.xpath(\"//button[contains(text(), 'Continue') and @type='button']\").first().click({\n  force: true\n});\n// Fill in the password and click Continue\ncy.get('#password').type('YourSecurePassword123', {\n  force: true\n});\ncy.xpath(\"//button[contains(text(), 'Continue') and @type='button']\").eq(1).click({\n  force: true\n});\n// Enter a username that is already taken\ncy.get('#login').type('test65', {\n  force: true\n}).then(() => {\n  // Assert that an error message is displayed for username already taken\n  githubPage.verifyUsernameErrorMessage('Username test65 is not available.');\n});",
              "err": {},
              "uuid": "eeed7ae7-937f-4edd-afda-5420dca9964a",
              "parentUUID": "4fc0c078-2975-478a-96f3-889df6c43f8b",
              "isHook": false,
              "skipped": false
            }
          ],
          "suites": [],
          "passes": [
            "eeed7ae7-937f-4edd-afda-5420dca9964a"
          ],
          "failures": [],
          "pending": [],
          "skipped": [],
          "duration": 6129,
          "root": false,
          "rootEmpty": false,
          "_timeout": 2000
        }
      ],
      "passes": [],
      "failures": [],
      "pending": [],
      "skipped": [],
      "duration": 0,
      "root": true,
      "rootEmpty": true,
      "_timeout": 2000
    }
  ],
  "meta": {
    "mocha": {
      "version": "7.0.1"
    },
    "mochawesome": {
      "options": {
        "quiet": false,
        "reportFilename": "mochawesome",
        "saveHtml": false,
        "saveJson": true,
        "consoleReporter": "spec",
        "useInlineDiffs": false,
        "code": true
      },
      "version": "7.1.3"
    },
    "marge": {
      "options": {
        "reportDir": "cypress/reports",
        "overwrite": false,
        "html": false,
        "json": true
      },
      "version": "6.2.0"
    }
  }
}