{
  "stats": {
    "suites": 1,
    "tests": 4,
    "passes": 0,
    "pending": 0,
    "failures": 4,
    "start": "2024-10-18T20:02:34.881Z",
    "end": "2024-10-18T20:02:36.729Z",
    "duration": 1848,
    "testsRegistered": 4,
    "passPercent": 0,
    "pendingPercent": 0,
    "other": 0,
    "hasOther": false,
    "skipped": 0,
    "hasSkipped": false
  },
  "results": [
    {
      "uuid": "508b83bd-d193-471b-8bfe-b5824263c60e",
      "title": "",
      "fullFile": "cypress\\e2e\\UITestFeatures\\LoginPageFeature.cy.js",
      "file": "cypress\\e2e\\UITestFeatures\\LoginPageFeature.cy.js",
      "beforeHooks": [],
      "afterHooks": [],
      "tests": [],
      "suites": [
        {
          "uuid": "06d14e60-b9a1-4024-8760-bdc6a2bee191",
          "title": "GitHub Login Test",
          "fullFile": "",
          "file": "",
          "beforeHooks": [],
          "afterHooks": [],
          "tests": [
            {
              "title": "Logs into GitHub",
              "fullTitle": "GitHub Login Test Logs into GitHub",
              "timedOut": null,
              "duration": 484,
              "state": "failed",
              "speed": null,
              "pass": false,
              "fail": true,
              "pending": false,
              "context": null,
              "code": "_GitHubPage.default.visit();\n_GitHubPage.default.clickSignIn();\n_GitHubPage.default.enterCredentials('apoorvatraining@gmail.com', 'Training#28');\n_GitHubPage.default.clickLogin();\n_GitHubPage.default.verifyDashboard();\n_GitHubPage.default.VerifySigOut(); // sometimes this step fails due to asynchronous caliing of the cypress comands and is fast.",
              "err": {
                "message": "TypeError: _GitHubPage.default.visit is not a function",
                "estack": "TypeError: _GitHubPage.default.visit is not a function\n    at Context.eval (webpack://github-ui-automation/./cypress/e2e/UITestFeatures/LoginPageFeature.cy.js:6:19)",
                "diff": null
              },
              "uuid": "e0d70898-5a2d-4ba5-8f97-3555cf6efc1e",
              "parentUUID": "06d14e60-b9a1-4024-8760-bdc6a2bee191",
              "isHook": false,
              "skipped": false
            },
            {
              "title": "Fail to login with invalid User name",
              "fullTitle": "GitHub Login Test Fail to login with invalid User name",
              "timedOut": null,
              "duration": 422,
              "state": "failed",
              "speed": null,
              "pass": false,
              "fail": true,
              "pending": false,
              "context": null,
              "code": "_GitHubPage.default.visit();\n_GitHubPage.default.clickSignIn();\n_GitHubPage.default.enterCredentials('apoorvatraining@', 'Training#28');\n_GitHubPage.default.clickLogin();\n_GitHubPage.default.verifyErrorMessage('Incorrect username or password.');",
              "err": {
                "message": "TypeError: _GitHubPage.default.visit is not a function",
                "estack": "TypeError: _GitHubPage.default.visit is not a function\n    at Context.eval (webpack://github-ui-automation/./cypress/e2e/UITestFeatures/LoginPageFeature.cy.js:17:19)",
                "diff": null
              },
              "uuid": "0136bf6f-bbe8-4ac1-bc55-7f90c7570d32",
              "parentUUID": "06d14e60-b9a1-4024-8760-bdc6a2bee191",
              "isHook": false,
              "skipped": false
            },
            {
              "title": "Fails to log in with invalid password",
              "fullTitle": "GitHub Login Test Fails to log in with invalid password",
              "timedOut": null,
              "duration": 281,
              "state": "failed",
              "speed": null,
              "pass": false,
              "fail": true,
              "pending": false,
              "context": null,
              "code": "_GitHubPage.default.visit();\n_GitHubPage.default.clickSignIn();\n_GitHubPage.default.enterCredentials('apoorvatraining@gmail.com', 'invalidPassword');\n_GitHubPage.default.clickLogin();\n_GitHubPage.default.verifyErrorMessage('Incorrect username or password.');",
              "err": {
                "message": "TypeError: _GitHubPage.default.visit is not a function",
                "estack": "TypeError: _GitHubPage.default.visit is not a function\n    at Context.eval (webpack://github-ui-automation/./cypress/e2e/UITestFeatures/LoginPageFeature.cy.js:25:19)",
                "diff": null
              },
              "uuid": "36ae4699-61a7-4819-8617-cffe64db52b6",
              "parentUUID": "06d14e60-b9a1-4024-8760-bdc6a2bee191",
              "isHook": false,
              "skipped": false
            },
            {
              "title": "Fails to log in with empty fields",
              "fullTitle": "GitHub Login Test Fails to log in with empty fields",
              "timedOut": null,
              "duration": 304,
              "state": "failed",
              "speed": null,
              "pass": false,
              "fail": true,
              "pending": false,
              "context": null,
              "code": "_GitHubPage.default.visit();\n_GitHubPage.default.clickSignIn();\n_GitHubPage.default.clickLogin(); // Click login without entering credentials\n_GitHubPage.default.verifyErrorMessage('Please fill out this field.'); // this should be change to the Tooltip meesagage",
              "err": {
                "message": "TypeError: _GitHubPage.default.visit is not a function",
                "estack": "TypeError: _GitHubPage.default.visit is not a function\n    at Context.eval (webpack://github-ui-automation/./cypress/e2e/UITestFeatures/LoginPageFeature.cy.js:33:19)",
                "diff": null
              },
              "uuid": "ba78211b-5195-4725-93d0-11a26ae1a4ee",
              "parentUUID": "06d14e60-b9a1-4024-8760-bdc6a2bee191",
              "isHook": false,
              "skipped": false
            }
          ],
          "suites": [],
          "passes": [],
          "failures": [
            "e0d70898-5a2d-4ba5-8f97-3555cf6efc1e",
            "0136bf6f-bbe8-4ac1-bc55-7f90c7570d32",
            "36ae4699-61a7-4819-8617-cffe64db52b6",
            "ba78211b-5195-4725-93d0-11a26ae1a4ee"
          ],
          "pending": [],
          "skipped": [],
          "duration": 1491,
          "root": false,
          "rootEmpty": false,
          "_timeout": 2000
        }
      ],
      "passes": [],
      "failures": [],
      "pending": [],
      "skipped": [],
      "duration": 0,
      "root": true,
      "rootEmpty": true,
      "_timeout": 2000
    }
  ],
  "meta": {
    "mocha": {
      "version": "7.0.1"
    },
    "mochawesome": {
      "options": {
        "quiet": false,
        "reportFilename": "mochawesome",
        "saveHtml": false,
        "saveJson": true,
        "consoleReporter": "spec",
        "useInlineDiffs": false,
        "code": true
      },
      "version": "7.1.3"
    },
    "marge": {
      "options": {
        "reportDir": "cypress/reports",
        "overwrite": false,
        "html": false,
        "json": true
      },
      "version": "6.2.0"
    }
  }
}