{
  "stats": {
    "suites": 1,
    "tests": 4,
    "passes": 0,
    "pending": 0,
    "failures": 4,
    "start": "2024-10-18T20:11:05.641Z",
    "end": "2024-10-18T20:11:07.401Z",
    "duration": 1760,
    "testsRegistered": 4,
    "passPercent": 0,
    "pendingPercent": 0,
    "other": 0,
    "hasOther": false,
    "skipped": 0,
    "hasSkipped": false
  },
  "results": [
    {
      "uuid": "7f839470-bb2b-41fe-991b-a50e2eb5bc92",
      "title": "",
      "fullFile": "cypress\\e2e\\UITestFeatures\\LoginPageFeature.cy.js",
      "file": "cypress\\e2e\\UITestFeatures\\LoginPageFeature.cy.js",
      "beforeHooks": [],
      "afterHooks": [],
      "tests": [],
      "suites": [
        {
          "uuid": "2918c662-589b-4acb-9660-32c2b75a0d8d",
          "title": "GitHub Login Test",
          "fullFile": "",
          "file": "",
          "beforeHooks": [],
          "afterHooks": [],
          "tests": [
            {
              "title": "Logs into GitHub",
              "fullTitle": "GitHub Login Test Logs into GitHub",
              "timedOut": null,
              "duration": 540,
              "state": "failed",
              "speed": null,
              "pass": false,
              "fail": true,
              "pending": false,
              "context": null,
              "code": "_GitHubPage.default.visit();\n_GitHubPage.default.clickSignIn();\n_GitHubPage.default.enterCredentials('apoorvatraining@gmail.com', 'Training#28');\n_GitHubPage.default.clickLogin();\n_GitHubPage.default.verifyDashboard();\n_GitHubPage.default.VerifySigOut(); // sometimes this step fails due to asynchronous caliing of the cypress comands and is fast.",
              "err": {
                "message": "TypeError: _GitHubPage.default.visit is not a function",
                "estack": "TypeError: _GitHubPage.default.visit is not a function\n    at Context.eval (webpack://github-ui-automation/./cypress/e2e/UITestFeatures/LoginPageFeature.cy.js:6:19)",
                "diff": null
              },
              "uuid": "2db5be68-1619-40bc-8331-6f325fe367d6",
              "parentUUID": "2918c662-589b-4acb-9660-32c2b75a0d8d",
              "isHook": false,
              "skipped": false
            },
            {
              "title": "Fail to login with invalid User name",
              "fullTitle": "GitHub Login Test Fail to login with invalid User name",
              "timedOut": null,
              "duration": 393,
              "state": "failed",
              "speed": null,
              "pass": false,
              "fail": true,
              "pending": false,
              "context": null,
              "code": "_GitHubPage.default.visit();\n_GitHubPage.default.clickSignIn();\n_GitHubPage.default.enterCredentials('apoorvatraining@', 'Training#28');\n_GitHubPage.default.clickLogin();\n_GitHubPage.default.verifyErrorMessage('Incorrect username or password.');",
              "err": {
                "message": "TypeError: _GitHubPage.default.visit is not a function",
                "estack": "TypeError: _GitHubPage.default.visit is not a function\n    at Context.eval (webpack://github-ui-automation/./cypress/e2e/UITestFeatures/LoginPageFeature.cy.js:17:19)",
                "diff": null
              },
              "uuid": "05dfec0b-afab-4b17-8578-965c8f6d3a92",
              "parentUUID": "2918c662-589b-4acb-9660-32c2b75a0d8d",
              "isHook": false,
              "skipped": false
            },
            {
              "title": "Fails to log in with invalid password",
              "fullTitle": "GitHub Login Test Fails to log in with invalid password",
              "timedOut": null,
              "duration": 254,
              "state": "failed",
              "speed": null,
              "pass": false,
              "fail": true,
              "pending": false,
              "context": null,
              "code": "_GitHubPage.default.visit();\n_GitHubPage.default.clickSignIn();\n_GitHubPage.default.enterCredentials('apoorvatraining@gmail.com', 'invalidPassword');\n_GitHubPage.default.clickLogin();\n_GitHubPage.default.verifyErrorMessage('Incorrect username or password.');",
              "err": {
                "message": "TypeError: _GitHubPage.default.visit is not a function",
                "estack": "TypeError: _GitHubPage.default.visit is not a function\n    at Context.eval (webpack://github-ui-automation/./cypress/e2e/UITestFeatures/LoginPageFeature.cy.js:25:19)",
                "diff": null
              },
              "uuid": "bb7bef6a-6cff-4533-953d-038b2ad2b88f",
              "parentUUID": "2918c662-589b-4acb-9660-32c2b75a0d8d",
              "isHook": false,
              "skipped": false
            },
            {
              "title": "Fails to log in with empty fields",
              "fullTitle": "GitHub Login Test Fails to log in with empty fields",
              "timedOut": null,
              "duration": 261,
              "state": "failed",
              "speed": null,
              "pass": false,
              "fail": true,
              "pending": false,
              "context": null,
              "code": "_GitHubPage.default.visit();\n_GitHubPage.default.clickSignIn();\n_GitHubPage.default.clickLogin(); // Click login without entering credentials\n_GitHubPage.default.verifyErrorMessage('Please fill out this field.'); // this should be change to the Tooltip meesagage",
              "err": {
                "message": "TypeError: _GitHubPage.default.visit is not a function",
                "estack": "TypeError: _GitHubPage.default.visit is not a function\n    at Context.eval (webpack://github-ui-automation/./cypress/e2e/UITestFeatures/LoginPageFeature.cy.js:33:19)",
                "diff": null
              },
              "uuid": "ca3b9ca0-e693-4b0c-8f85-47d414868012",
              "parentUUID": "2918c662-589b-4acb-9660-32c2b75a0d8d",
              "isHook": false,
              "skipped": false
            }
          ],
          "suites": [],
          "passes": [],
          "failures": [
            "2db5be68-1619-40bc-8331-6f325fe367d6",
            "05dfec0b-afab-4b17-8578-965c8f6d3a92",
            "bb7bef6a-6cff-4533-953d-038b2ad2b88f",
            "ca3b9ca0-e693-4b0c-8f85-47d414868012"
          ],
          "pending": [],
          "skipped": [],
          "duration": 1448,
          "root": false,
          "rootEmpty": false,
          "_timeout": 2000
        }
      ],
      "passes": [],
      "failures": [],
      "pending": [],
      "skipped": [],
      "duration": 0,
      "root": true,
      "rootEmpty": true,
      "_timeout": 2000
    }
  ],
  "meta": {
    "mocha": {
      "version": "7.0.1"
    },
    "mochawesome": {
      "options": {
        "quiet": false,
        "reportFilename": "mochawesome",
        "saveHtml": false,
        "saveJson": true,
        "consoleReporter": "spec",
        "useInlineDiffs": false,
        "code": true
      },
      "version": "7.1.3"
    },
    "marge": {
      "options": {
        "reportDir": "cypress/reports",
        "overwrite": false,
        "html": false,
        "json": true
      },
      "version": "6.2.0"
    }
  }
}